2025-11-16 21:57:49 [DEBUG] sistema_logger :: Logger configurado. Arquivo: C:\Users\User\.vscode\files\sistema_01.2\meu_sistema_pdv\DATA\system.log
2025-11-16 21:58:09 [INFO] sistema_logger :: Inicializando banco de dados...
2025-11-16 21:58:09 [DEBUG] sistema_logger :: Aplicando script de criação de tabelas.
2025-11-16 21:58:09 [INFO] sistema_logger :: Criando usuário padrão: admin
2025-11-16 21:58:09 [DEBUG] sistema_logger :: Dados iniciais aplicados em 2025-11-17T00:58:09.465267
2025-11-16 21:58:09 [INFO] sistema_logger :: Banco de dados pronto.
2025-11-16 21:58:09 [INFO] sistema_logger :: Aplicação iniciada.
2025-11-16 21:58:34 [WARNING] sistema_logger :: Falha de login para admin_master
2025-11-16 21:59:44 [INFO] sistema_logger :: Usuário admin autenticado
2025-11-16 21:59:44 [INFO] sistema_logger :: Login bem-sucedido para admin
2025-11-16 22:01:12 [INFO] sistema_logger :: Usuário admin autenticado
2025-11-16 22:01:12 [INFO] sistema_logger :: Login bem-sucedido para admin
2025-11-16 22:02:19 [INFO] sistema_logger :: Usuário admin autenticado
2025-11-16 22:02:19 [INFO] sistema_logger :: Login bem-sucedido para admin
2025-11-16 22:04:10 [INFO] sistema_logger :: Usuário admin autenticado
2025-11-16 22:04:10 [INFO] sistema_logger :: Login bem-sucedido para admin
2025-11-16 22:06:31 [DEBUG] sistema_logger :: Logger configurado. Arquivo: C:\Users\User\.vscode\files\sistema_01.2\meu_sistema_pdv\DATA\system.log
2025-11-16 22:06:35 [INFO] sistema_logger :: Inicializando banco de dados...
2025-11-16 22:06:35 [DEBUG] sistema_logger :: Aplicando script de criação de tabelas.
2025-11-16 22:06:35 [DEBUG] sistema_logger :: Dados iniciais aplicados em 2025-11-17T01:06:35.673856
2025-11-16 22:06:35 [INFO] sistema_logger :: Banco de dados pronto.
2025-11-16 22:06:35 [INFO] sistema_logger :: Aplicação iniciada.
2025-11-16 22:06:49 [INFO] sistema_logger :: Usuário admin autenticado
2025-11-16 22:06:49 [INFO] sistema_logger :: Login bem-sucedido para admin
2025-11-16 22:08:23 [DEBUG] sistema_logger :: Logger configurado. Arquivo: C:\Users\User\.vscode\files\sistema_01.2\meu_sistema_pdv\DATA\system.log
2025-11-16 22:08:27 [INFO] sistema_logger :: Inicializando banco de dados...
2025-11-16 22:08:27 [DEBUG] sistema_logger :: Aplicando script de criação de tabelas.
2025-11-16 22:08:27 [DEBUG] sistema_logger :: Dados iniciais aplicados em 2025-11-17T01:08:27.510988
2025-11-16 22:08:27 [INFO] sistema_logger :: Banco de dados pronto.
2025-11-16 22:08:27 [INFO] sistema_logger :: Aplicação iniciada.
2025-11-16 22:08:38 [INFO] sistema_logger :: Usuário admin autenticado
2025-11-16 22:08:38 [INFO] sistema_logger :: Login bem-sucedido para admin
2025-11-16 22:08:43 [INFO] sistema_logger :: Usuário admin autenticado
2025-11-16 22:08:43 [INFO] sistema_logger :: Login bem-sucedido para admin
2025-11-16 22:09:02 [INFO] sistema_logger :: Usuário admin autenticado
2025-11-16 22:09:02 [INFO] sistema_logger :: Login bem-sucedido para admin
2025-11-16 22:09:06 [INFO] sistema_logger :: Usuário admin autenticado
2025-11-16 22:09:06 [INFO] sistema_logger :: Login bem-sucedido para admin
2025-11-16 22:11:24 [DEBUG] sistema_logger :: Logger configurado. Arquivo: C:\Users\User\.vscode\files\sistema_01.2\meu_sistema_pdv\DATA\system.log
2025-11-16 22:11:28 [INFO] sistema_logger :: Inicializando banco de dados...
2025-11-16 22:11:28 [DEBUG] sistema_logger :: Aplicando script de criação de tabelas.
2025-11-16 22:11:28 [DEBUG] sistema_logger :: Dados iniciais aplicados em 2025-11-17T01:11:28.835522
2025-11-16 22:11:28 [INFO] sistema_logger :: Banco de dados pronto.
2025-11-16 22:11:28 [INFO] sistema_logger :: Aplicação iniciada.
2025-11-16 22:11:44 [INFO] sistema_logger :: Usuário admin autenticado
2025-11-16 22:11:44 [INFO] sistema_logger :: Login bem-sucedido para admin
2025-11-16 22:14:24 [DEBUG] sistema_logger :: Logger configurado. Arquivo: C:\Users\User\.vscode\files\sistema_01.2\meu_sistema_pdv\DATA\system.log
2025-11-16 22:14:29 [INFO] sistema_logger :: Inicializando banco de dados...
2025-11-16 22:14:29 [DEBUG] sistema_logger :: Aplicando script de criação de tabelas.
2025-11-16 22:14:29 [DEBUG] sistema_logger :: Dados iniciais aplicados em 2025-11-17T01:14:29.085883
2025-11-16 22:14:29 [INFO] sistema_logger :: Banco de dados pronto.
2025-11-16 22:14:29 [INFO] sistema_logger :: Aplicação iniciada.
2025-11-16 22:14:44 [INFO] sistema_logger :: Usuário admin autenticado
2025-11-16 22:14:44 [INFO] sistema_logger :: Login bem-sucedido para admin
2025-11-16 22:17:43 [DEBUG] sistema_logger :: Logger configurado. Arquivo: C:\Users\User\.vscode\files\sistema_01.2\meu_sistema_pdv\DATA\system.log
2025-11-16 22:17:47 [INFO] sistema_logger :: Inicializando banco de dados...
2025-11-16 22:17:47 [DEBUG] sistema_logger :: Aplicando script de criação de tabelas.
2025-11-16 22:17:47 [DEBUG] sistema_logger :: Dados iniciais aplicados em 2025-11-17T01:17:47.488911
2025-11-16 22:17:47 [INFO] sistema_logger :: Banco de dados pronto.
2025-11-16 22:17:47 [INFO] sistema_logger :: Aplicação iniciada.
2025-11-16 22:18:03 [INFO] sistema_logger :: Usuário admin autenticado
2025-11-16 22:18:03 [INFO] sistema_logger :: Login bem-sucedido para admin
2025-11-16 22:23:26 [DEBUG] sistema_logger :: Logger configurado. Arquivo: C:\Users\User\.vscode\files\sistema_01.2\meu_sistema_pdv\DATA\system.log
2025-11-16 22:23:30 [INFO] sistema_logger :: Inicializando banco de dados...
2025-11-16 22:23:30 [DEBUG] sistema_logger :: Aplicando script de criação de tabelas.
2025-11-16 22:23:30 [DEBUG] sistema_logger :: Dados iniciais aplicados em 2025-11-17T01:23:30.519918
2025-11-16 22:23:30 [INFO] sistema_logger :: Banco de dados pronto.
2025-11-16 22:23:30 [INFO] sistema_logger :: Aplicação iniciada.
2025-11-16 22:23:47 [INFO] sistema_logger :: Usuário admin autenticado
2025-11-16 22:23:47 [INFO] sistema_logger :: Login bem-sucedido para admin
2025-11-16 22:26:26 [INFO] sistema_logger :: Cadastrando produto coxinha frango
2025-11-16 22:27:09 [INFO] sistema_logger :: Cadastrando produto coca cola
2025-11-16 22:29:04 [INFO] sistema_logger :: Venda VENDA-20251117012904-ED82E8F3 registrada com 2 itens.
2025-11-16 22:33:43 [DEBUG] sistema_logger :: Logger configurado. Arquivo: C:\Users\User\.vscode\files\sistema_01.2\meu_sistema_pdv\DATA\system.log
2025-11-16 22:33:47 [INFO] sistema_logger :: Inicializando banco de dados...
2025-11-16 22:33:47 [DEBUG] sistema_logger :: Aplicando script de criação de tabelas.
2025-11-16 22:33:47 [DEBUG] sistema_logger :: Dados iniciais aplicados em 2025-11-17T01:33:47.196262
2025-11-16 22:33:47 [INFO] sistema_logger :: Banco de dados pronto.
2025-11-16 22:33:47 [INFO] sistema_logger :: Aplicação iniciada.
2025-11-16 22:33:57 [INFO] sistema_logger :: Usuário admin autenticado
2025-11-16 22:33:57 [INFO] sistema_logger :: Login bem-sucedido para admin
2025-11-16 22:38:57 [DEBUG] sistema_logger :: Logger configurado. Arquivo: C:\Users\User\.vscode\files\sistema_01.2\meu_sistema_pdv\DATA\system.log
2025-11-16 22:39:01 [INFO] sistema_logger :: Inicializando banco de dados...
2025-11-16 22:39:01 [DEBUG] sistema_logger :: Aplicando script de criação de tabelas.
2025-11-16 22:39:01 [DEBUG] sistema_logger :: Dados iniciais aplicados em 2025-11-17T01:39:01.846417
2025-11-16 22:39:01 [INFO] sistema_logger :: Banco de dados pronto.
2025-11-16 22:39:01 [INFO] sistema_logger :: Aplicação iniciada.
2025-11-16 22:39:12 [INFO] sistema_logger :: Usuário admin autenticado
2025-11-16 22:39:12 [INFO] sistema_logger :: Login bem-sucedido para admin
2025-11-16 22:40:01 [INFO] sistema_logger :: Cadastrando produto pastel de frango
2025-11-16 22:40:34 [INFO] sistema_logger :: Cadastrando produto coca cola 600
2025-11-16 22:41:30 [INFO] sistema_logger :: Venda VENDA-20251117014130-DA0D94F6 registrada com 2 itens.
2025-11-16 22:44:01 [INFO] sistema_logger :: Criando usuário vendedor1 (vendedor)
2025-11-16 22:46:15 [INFO] sistema_logger :: Venda VENDA-20251117014615-40A7AB9B registrada com 1 itens.
2025-11-16 22:52:30 [DEBUG] sistema_logger :: Logger configurado. Arquivo: C:\Users\User\.vscode\files\sistema_01.2\meu_sistema_pdv\DATA\system.log
2025-11-16 22:52:34 [INFO] sistema_logger :: Inicializando banco de dados...
2025-11-16 22:52:34 [DEBUG] sistema_logger :: Aplicando script de criação de tabelas.
2025-11-16 22:52:34 [DEBUG] sistema_logger :: Dados iniciais aplicados em 2025-11-17T01:52:34.909572
2025-11-16 22:52:34 [INFO] sistema_logger :: Banco de dados pronto.
2025-11-16 22:52:34 [INFO] sistema_logger :: Aplicação iniciada.
2025-11-16 22:52:45 [INFO] sistema_logger :: Usuário admin autenticado
2025-11-16 22:52:45 [INFO] sistema_logger :: Login bem-sucedido para admin
2025-11-16 22:58:44 [DEBUG] sistema_logger :: Logger configurado. Arquivo: C:\Users\User\.vscode\files\sistema_01.2\meu_sistema_pdv\DATA\system.log
2025-11-16 22:58:49 [INFO] sistema_logger :: Inicializando banco de dados...
2025-11-16 22:58:49 [DEBUG] sistema_logger :: Aplicando script de criação de tabelas.
2025-11-16 22:58:49 [DEBUG] sistema_logger :: Dados iniciais aplicados em 2025-11-17T01:58:49.020130
2025-11-16 22:58:49 [INFO] sistema_logger :: Banco de dados pronto.
2025-11-16 22:58:49 [INFO] sistema_logger :: Aplicação iniciada.
2025-11-16 22:59:08 [INFO] sistema_logger :: Usuário admin autenticado
2025-11-16 22:59:08 [INFO] sistema_logger :: Login bem-sucedido para admin
2025-11-16 23:00:02 [INFO] sistema_logger :: Venda VENDA-20251117020002-1EE4E827 registrada com 2 itens.
2025-11-16 23:03:40 [INFO] sistema_logger :: Venda VENDA-20251117020340-80BF7B1C registrada com 3 itens.
2025-11-17 08:03:37 [DEBUG] sistema_logger :: Logger configurado. Arquivo: C:\Users\User\.vscode\files\sistema_01.2\meu_sistema_pdv\DATA\system.log
2025-11-17 08:03:42 [INFO] sistema_logger :: Inicializando banco de dados...
2025-11-17 08:03:42 [DEBUG] sistema_logger :: Aplicando script de criação de tabelas.
2025-11-17 08:03:42 [DEBUG] sistema_logger :: Dados iniciais aplicados em 2025-11-17T11:03:42.363941
2025-11-17 08:03:42 [INFO] sistema_logger :: Banco de dados pronto.
2025-11-17 08:03:42 [INFO] sistema_logger :: Aplicação iniciada.
2025-11-17 08:03:51 [INFO] sistema_logger :: Usuário admin autenticado
2025-11-17 08:03:51 [INFO] sistema_logger :: Login bem-sucedido para admin
2025-11-17 08:09:05 [INFO] sistema_logger :: Cadastrando produto coxinha de carne
2025-11-17 08:09:41 [INFO] sistema_logger :: Cadastrando produto coca cola zero
2025-11-17 08:11:20 [DEBUG] sistema_logger :: Logger configurado. Arquivo: C:\Users\User\.vscode\files\sistema_01.2\meu_sistema_pdv\DATA\system.log
2025-11-17 08:11:24 [INFO] sistema_logger :: Inicializando banco de dados...
2025-11-17 08:11:25 [DEBUG] sistema_logger :: Aplicando script de criação de tabelas.
2025-11-17 08:11:25 [DEBUG] sistema_logger :: Dados iniciais aplicados em 2025-11-17T11:11:25.003635
2025-11-17 08:11:25 [INFO] sistema_logger :: Banco de dados pronto.
2025-11-17 08:11:25 [INFO] sistema_logger :: Aplicação iniciada.
2025-11-17 08:11:33 [INFO] sistema_logger :: Usuário admin autenticado
2025-11-17 08:11:33 [INFO] sistema_logger :: Login bem-sucedido para admin
2025-11-17 08:23:27 [DEBUG] sistema_logger :: Logger configurado. Arquivo: C:\Users\User\.vscode\files\sistema_01.2\meu_sistema_pdv\DATA\system.log
2025-11-17 08:23:37 [INFO] sistema_logger :: Inicializando banco de dados...
2025-11-17 08:23:37 [DEBUG] sistema_logger :: Aplicando script de criação de tabelas.
2025-11-17 08:23:37 [DEBUG] sistema_logger :: Dados iniciais aplicados em 2025-11-17T11:23:37.444146
2025-11-17 08:23:37 [INFO] sistema_logger :: Banco de dados pronto.
2025-11-17 08:23:37 [INFO] sistema_logger :: Aplicação iniciada.
2025-11-17 08:23:52 [INFO] sistema_logger :: Usuário admin autenticado
2025-11-17 08:23:52 [INFO] sistema_logger :: Login bem-sucedido para admin
2025-11-17 08:39:22 [DEBUG] sistema_logger :: Logger configurado. Arquivo: C:\Users\User\.vscode\files\sistema_01.2\meu_sistema_pdv\DATA\system.log
2025-11-17 08:39:26 [INFO] sistema_logger :: Inicializando banco de dados...
2025-11-17 08:39:26 [DEBUG] sistema_logger :: Aplicando script de criação de tabelas.
2025-11-17 08:39:26 [DEBUG] sistema_logger :: Dados iniciais aplicados em 2025-11-17T11:39:26.648218
2025-11-17 08:39:26 [INFO] sistema_logger :: Banco de dados pronto.
2025-11-17 08:39:26 [INFO] sistema_logger :: Aplicação iniciada.
2025-11-17 08:39:34 [INFO] sistema_logger :: Usuário admin autenticado
2025-11-17 08:39:34 [INFO] sistema_logger :: Login bem-sucedido para admin
2025-11-17 08:53:48 [DEBUG] sistema_logger :: Logger configurado. Arquivo: C:\Users\User\.vscode\files\sistema_01.2\meu_sistema_pdv\DATA\system.log
2025-11-17 08:53:54 [INFO] sistema_logger :: Inicializando banco de dados...
2025-11-17 08:53:54 [DEBUG] sistema_logger :: Aplicando script de criação de tabelas.
2025-11-17 08:53:54 [DEBUG] sistema_logger :: Dados iniciais aplicados em 2025-11-17T11:53:54.593645
2025-11-17 08:53:54 [INFO] sistema_logger :: Banco de dados pronto.
2025-11-17 08:53:54 [INFO] sistema_logger :: Aplicação iniciada.
2025-11-17 08:54:01 [INFO] sistema_logger :: Usuário admin autenticado
2025-11-17 08:54:01 [INFO] sistema_logger :: Login bem-sucedido para admin
2025-11-17 09:00:52 [INFO] sistema_logger :: Caixa CX-20251117120052-BA9E2E8A aberto por usuário 1
2025-11-17 09:01:05 [INFO] sistema_logger :: Caixa 1 fechado.
2025-11-17 09:01:20 [INFO] sistema_logger :: Caixa CX-20251117120120-5F0AD487 aberto por usuário 1
2025-11-17 09:01:42 [INFO] sistema_logger :: Venda VENDA-20251117120142-135F4E11 registrada com 2 itens.
2025-11-17 09:01:56 [INFO] sistema_logger :: Caixa 2 fechado.
2025-11-17 09:02:33 [INFO] sistema_logger :: Caixa CX-20251117120232-2CEB4D59 aberto por usuário 1
2025-11-17 09:02:44 [INFO] sistema_logger :: Venda VENDA-20251117120244-5AC5CBB7 registrada com 1 itens.
2025-11-17 09:02:52 [INFO] sistema_logger :: Venda VENDA-20251117120252-89FA00BC registrada com 1 itens.
2025-11-17 09:03:05 [INFO] sistema_logger :: Venda VENDA-20251117120305-8EC6B416 registrada com 1 itens.
2025-11-17 09:03:39 [INFO] sistema_logger :: Caixa 3 fechado.
2025-11-17 09:07:46 [DEBUG] sistema_logger :: Logger configurado. Arquivo: C:\Users\User\.vscode\files\sistema_01.2\meu_sistema_pdv\DATA\system.log
2025-11-17 09:07:51 [INFO] sistema_logger :: Inicializando banco de dados...
2025-11-17 09:07:51 [DEBUG] sistema_logger :: Aplicando script de criação de tabelas.
2025-11-17 09:07:51 [DEBUG] sistema_logger :: Dados iniciais aplicados em 2025-11-17T12:07:51.632304
2025-11-17 09:07:51 [INFO] sistema_logger :: Banco de dados pronto.
2025-11-17 09:07:51 [INFO] sistema_logger :: Aplicação iniciada.
2025-11-17 09:08:00 [INFO] sistema_logger :: Usuário admin autenticado
2025-11-17 09:08:00 [INFO] sistema_logger :: Login bem-sucedido para admin
2025-11-17 09:13:15 [DEBUG] sistema_logger :: Logger configurado. Arquivo: C:\Users\User\.vscode\files\sistema_01.2\meu_sistema_pdv\DATA\system.log
2025-11-17 09:13:19 [INFO] sistema_logger :: Inicializando banco de dados...
2025-11-17 09:13:19 [DEBUG] sistema_logger :: Aplicando script de criação de tabelas.
2025-11-17 09:13:19 [DEBUG] sistema_logger :: Dados iniciais aplicados em 2025-11-17T12:13:19.588829
2025-11-17 09:13:19 [INFO] sistema_logger :: Banco de dados pronto.
2025-11-17 09:13:19 [INFO] sistema_logger :: Aplicação iniciada.
2025-11-17 09:13:29 [INFO] sistema_logger :: Usuário admin autenticado
2025-11-17 09:13:29 [INFO] sistema_logger :: Login bem-sucedido para admin
2025-11-17 09:17:22 [DEBUG] sistema_logger :: Logger configurado. Arquivo: C:\Users\User\.vscode\files\sistema_01.2\meu_sistema_pdv\DATA\system.log
2025-11-17 09:17:32 [INFO] sistema_logger :: Inicializando banco de dados...
2025-11-17 09:17:32 [DEBUG] sistema_logger :: Aplicando script de criação de tabelas.
2025-11-17 09:17:32 [DEBUG] sistema_logger :: Dados iniciais aplicados em 2025-11-17T12:17:32.344908
2025-11-17 09:17:32 [INFO] sistema_logger :: Banco de dados pronto.
2025-11-17 09:17:32 [INFO] sistema_logger :: Aplicação iniciada.
2025-11-17 09:17:39 [INFO] sistema_logger :: Usuário admin autenticado
2025-11-17 09:17:39 [INFO] sistema_logger :: Login bem-sucedido para admin
2025-11-17 09:18:22 [INFO] sistema_logger :: Caixa CX-20251117121822-C0C1055C aberto por usuário 1
2025-11-17 09:22:04 [INFO] sistema_logger :: Venda VENDA-20251117122204-219F153B registrada com 5 itens.
2025-11-17 09:22:31 [INFO] sistema_logger :: Caixa 4 fechado.
2025-11-17 09:23:11 [INFO] sistema_logger :: Caixa CX-20251117122311-CE2B8F79 aberto por usuário 1
2025-11-17 09:23:16 [INFO] sistema_logger :: Caixa 5 fechado.
2025-11-17 09:43:20 [DEBUG] sistema_logger :: Logger configurado. Arquivo: C:\Users\User\.vscode\files\sistema_01.2\meu_sistema_pdv\DATA\system.log
2025-11-17 09:43:26 [INFO] sistema_logger :: Inicializando banco de dados...
2025-11-17 09:43:26 [DEBUG] sistema_logger :: Aplicando script de criação de tabelas.
2025-11-17 09:43:26 [DEBUG] sistema_logger :: Dados iniciais aplicados em 2025-11-17T12:43:26.050385
2025-11-17 09:43:26 [INFO] sistema_logger :: Banco de dados pronto.
2025-11-17 09:43:26 [INFO] sistema_logger :: Aplicação iniciada.
2025-11-17 09:43:32 [INFO] sistema_logger :: Usuário admin autenticado
2025-11-17 09:43:32 [INFO] sistema_logger :: Login bem-sucedido para admin
2025-11-17 09:45:17 [INFO] sistema_logger :: Venda VENDA-20251117124517-A469F85F registrada com 6 itens.
2025-11-17 09:48:48 [DEBUG] sistema_logger :: Logger configurado. Arquivo: C:\Users\User\.vscode\files\sistema_01.2\meu_sistema_pdv\DATA\system.log
2025-11-17 09:48:52 [INFO] sistema_logger :: Inicializando banco de dados...
2025-11-17 09:48:52 [DEBUG] sistema_logger :: Aplicando script de criação de tabelas.
2025-11-17 09:48:52 [DEBUG] sistema_logger :: Dados iniciais aplicados em 2025-11-17T12:48:52.255657
2025-11-17 09:48:52 [INFO] sistema_logger :: Banco de dados pronto.
2025-11-17 09:48:52 [INFO] sistema_logger :: Aplicação iniciada.
2025-11-17 09:49:01 [INFO] sistema_logger :: Usuário admin autenticado
2025-11-17 09:49:01 [INFO] sistema_logger :: Login bem-sucedido para admin
2025-11-17 09:56:43 [DEBUG] sistema_logger :: Logger configurado. Arquivo: C:\Users\User\.vscode\files\sistema_01.2\meu_sistema_pdv\DATA\system.log
2025-11-17 10:03:47 [DEBUG] sistema_logger :: Logger configurado. Arquivo: C:\Users\User\.vscode\files\sistema_01.2\meu_sistema_pdv\DATA\system.log
2025-11-17 10:03:52 [INFO] sistema_logger :: Inicializando banco de dados...
2025-11-17 10:03:52 [DEBUG] sistema_logger :: Aplicando script de criação de tabelas.
2025-11-17 10:03:52 [DEBUG] sistema_logger :: Dados iniciais aplicados em 2025-11-17T13:03:52.572665
2025-11-17 10:03:52 [INFO] sistema_logger :: Banco de dados pronto.
2025-11-17 10:03:52 [INFO] sistema_logger :: Aplicação iniciada.
2025-11-17 10:04:03 [INFO] sistema_logger :: Usuário admin autenticado
2025-11-17 10:04:03 [INFO] sistema_logger :: Login bem-sucedido para admin
2025-11-17 10:07:19 [INFO] sistema_logger :: Venda VENDA-20251117130719-26DA7393 registrada com 2 itens.
2025-11-17 10:08:46 [INFO] sistema_logger :: Usuário admin autenticado
2025-11-17 10:08:46 [INFO] sistema_logger :: Login bem-sucedido para admin
2025-11-17 10:10:43 [DEBUG] sistema_logger :: Logger configurado. Arquivo: C:\Users\User\.vscode\files\sistema_01.2\meu_sistema_pdv\DATA\system.log
2025-11-17 10:10:49 [INFO] sistema_logger :: Inicializando banco de dados...
2025-11-17 10:10:49 [DEBUG] sistema_logger :: Aplicando script de criação de tabelas.
2025-11-17 10:10:49 [DEBUG] sistema_logger :: Dados iniciais aplicados em 2025-11-17T13:10:49.226418
2025-11-17 10:10:49 [INFO] sistema_logger :: Banco de dados pronto.
2025-11-17 10:10:49 [INFO] sistema_logger :: Aplicação iniciada.
2025-11-17 10:10:59 [INFO] sistema_logger :: Usuário admin autenticado
2025-11-17 10:10:59 [INFO] sistema_logger :: Login bem-sucedido para admin
2025-11-17 10:11:45 [DEBUG] sistema_logger :: Logger configurado. Arquivo: C:\Users\User\.vscode\files\sistema_01.2\meu_sistema_pdv\DATA\system.log
2025-11-17 10:11:49 [INFO] sistema_logger :: Inicializando banco de dados...
2025-11-17 10:11:49 [DEBUG] sistema_logger :: Aplicando script de criação de tabelas.
2025-11-17 10:11:49 [DEBUG] sistema_logger :: Dados iniciais aplicados em 2025-11-17T13:11:49.333775
2025-11-17 10:11:49 [INFO] sistema_logger :: Banco de dados pronto.
2025-11-17 10:11:49 [INFO] sistema_logger :: Aplicação iniciada.
2025-11-17 10:11:57 [INFO] sistema_logger :: Usuário admin autenticado
2025-11-17 10:11:57 [INFO] sistema_logger :: Login bem-sucedido para admin
2025-11-17 10:14:35 [DEBUG] sistema_logger :: Logger configurado. Arquivo: C:\Users\User\.vscode\files\sistema_01.2\meu_sistema_pdv\DATA\system.log
2025-11-17 10:14:40 [INFO] sistema_logger :: Inicializando banco de dados...
2025-11-17 10:14:40 [DEBUG] sistema_logger :: Aplicando script de criação de tabelas.
2025-11-17 10:14:40 [DEBUG] sistema_logger :: Dados iniciais aplicados em 2025-11-17T13:14:40.258479
2025-11-17 10:14:40 [INFO] sistema_logger :: Banco de dados pronto.
2025-11-17 10:14:40 [INFO] sistema_logger :: Aplicação iniciada.
2025-11-17 10:14:49 [INFO] sistema_logger :: Usuário admin autenticado
2025-11-17 10:14:49 [INFO] sistema_logger :: Login bem-sucedido para admin
2025-11-17 15:53:43 [DEBUG] sistema_logger :: Logger configurado. Arquivo: C:\Users\User\.vscode\files\sistema_01.2\meu_sistema_pdv\DATA\system.log
2025-11-17 15:53:49 [INFO] sistema_logger :: Inicializando banco de dados...
2025-11-17 15:53:49 [DEBUG] sistema_logger :: Aplicando script de criação de tabelas.
2025-11-17 15:53:49 [DEBUG] sistema_logger :: Dados iniciais aplicados em 2025-11-17T18:53:49.529123
2025-11-17 15:53:49 [INFO] sistema_logger :: Banco de dados pronto.
2025-11-17 15:53:49 [INFO] sistema_logger :: Aplicação iniciada.
2025-11-17 15:53:58 [INFO] sistema_logger :: Usuário admin autenticado
2025-11-17 15:53:58 [INFO] sistema_logger :: Login bem-sucedido para admin
2025-11-17 15:56:52 [DEBUG] sistema_logger :: Logger configurado. Arquivo: C:\Users\User\.vscode\files\sistema_01.2\meu_sistema_pdv\DATA\system.log
2025-11-17 15:56:56 [INFO] sistema_logger :: Inicializando banco de dados...
2025-11-17 15:56:56 [DEBUG] sistema_logger :: Aplicando script de criação de tabelas.
2025-11-17 15:56:56 [DEBUG] sistema_logger :: Dados iniciais aplicados em 2025-11-17T18:56:56.311991
2025-11-17 15:56:56 [INFO] sistema_logger :: Banco de dados pronto.
2025-11-17 15:56:56 [INFO] sistema_logger :: Aplicação iniciada.
2025-11-17 15:57:06 [INFO] sistema_logger :: Usuário admin autenticado
2025-11-17 15:57:06 [INFO] sistema_logger :: Login bem-sucedido para admin
2025-11-17 15:57:27 [INFO] sistema_logger :: Venda VENDA-20251117185727-7959691E registrada com 1 itens.
2025-11-17 15:58:21 [INFO] sistema_logger :: Venda VENDA-20251117185821-FFD57EBC registrada com 1 itens.
2025-11-17 15:58:53 [INFO] sistema_logger :: Venda VENDA-20251117185853-E5ED0D47 registrada com 1 itens.
2025-11-17 16:00:26 [INFO] sistema_logger :: Cadastrando produto pastel de carne
2025-11-17 16:00:56 [INFO] sistema_logger :: Venda VENDA-20251117190056-E9404173 registrada com 1 itens.
2025-11-17 16:09:00 [DEBUG] sistema_logger :: Logger configurado. Arquivo: C:\Users\User\.vscode\files\sistema_01.2\meu_sistema_pdv\DATA\system.log
2025-11-17 16:09:05 [INFO] sistema_logger :: Inicializando banco de dados...
2025-11-17 16:09:05 [DEBUG] sistema_logger :: Aplicando script de criação de tabelas.
2025-11-17 16:09:05 [DEBUG] sistema_logger :: Dados iniciais aplicados em 2025-11-17T19:09:05.485010
2025-11-17 16:09:05 [INFO] sistema_logger :: Banco de dados pronto.
2025-11-17 16:09:05 [INFO] sistema_logger :: Aplicação iniciada.
2025-11-17 16:09:14 [INFO] sistema_logger :: Usuário admin autenticado
2025-11-17 16:09:14 [INFO] sistema_logger :: Login bem-sucedido para admin
2025-11-18 08:10:27 [INFO] sistema_logger :: Inicializando banco de dados...
2025-11-18 08:10:27 [DEBUG] sistema_logger :: Aplicando script de criação de tabelas.
2025-11-18 08:10:27 [DEBUG] sistema_logger :: Dados iniciais aplicados em 2025-11-18T11:10:27.179768
2025-11-18 08:10:27 [INFO] sistema_logger :: Banco de dados pronto.
2025-11-18 08:10:27 [INFO] sistema_logger :: Aplicação iniciada.
2025-11-18 11:12:41 [INFO] sistema_logger :: Usuário admin autenticado
2025-11-18 11:12:41 [INFO] sistema_logger :: Login bem-sucedido para admin
2025-11-18 11:16:14 [INFO] sistema_logger :: Cadastrando produto Caldo Cana 500
2025-11-18 11:21:07 [INFO] sistema_logger :: Caixa CX-20251118142107-7E09D64F aberto por usuário 1
2025-11-18 11:22:07 [INFO] sistema_logger :: Caixa 6 fechado.
2025-11-18 11:25:08 [INFO] sistema_logger :: Venda VENDA-20251118142508-7D836B28 registrada com 2 itens.
2025-11-18 11:27:49 [INFO] sistema_logger :: Venda VENDA-20251118142749-B20538F3 registrada com 1 itens.
2025-11-18 11:28:56 [INFO] sistema_logger :: Caixa CX-20251118142856-34FAF369 aberto por usuário 1
2025-11-18 11:29:27 [INFO] sistema_logger :: Venda VENDA-20251118142927-43499DA8 registrada com 1 itens.
2025-11-18 11:29:43 [INFO] sistema_logger :: Caixa 7 fechado.
2025-11-18 11:35:56 [INFO] sistema_logger :: Venda VENDA-20251118143556-6B40DD08 registrada com 2 itens.
2025-11-18 11:49:54 [INFO] sistema_logger :: Venda VENDA-20251118144954-07AB9805 registrada com 2 itens.
2025-11-18 14:20:58 [DEBUG] sistema_logger :: Logger configurado. Arquivo: C:\Users\User\.vscode\files\sistema_01.2\meu_sistema_pdv\DATA\system.log
2025-11-18 14:21:09 [INFO] sistema_logger :: Inicializando banco de dados...
2025-11-18 14:21:09 [DEBUG] sistema_logger :: Aplicando script de criação de tabelas.
2025-11-18 14:21:09 [DEBUG] sistema_logger :: Dados iniciais aplicados em 2025-11-18T17:21:09.469667
2025-11-18 14:21:09 [INFO] sistema_logger :: Banco de dados pronto.
2025-11-18 14:21:09 [INFO] sistema_logger :: Aplicação iniciada.
2025-11-18 14:21:21 [INFO] sistema_logger :: Usuário admin autenticado
2025-11-18 14:21:21 [INFO] sistema_logger :: Login bem-sucedido para admin
2025-11-18 15:18:51 [DEBUG] sistema_logger :: Logger configurado. Arquivo: C:\Users\User\.vscode\files\sistema_01.2\meu_sistema_pdv\DATA\system.log
2025-11-18 15:18:56 [INFO] sistema_logger :: Inicializando banco de dados...
2025-11-18 15:18:56 [DEBUG] sistema_logger :: Aplicando script de criação de tabelas.
2025-11-18 15:18:56 [DEBUG] sistema_logger :: Dados iniciais aplicados em 2025-11-18T18:18:56.708540
2025-11-18 15:18:56 [INFO] sistema_logger :: Banco de dados pronto.
2025-11-18 15:18:56 [INFO] sistema_logger :: Aplicação iniciada.
2025-11-18 15:19:05 [INFO] sistema_logger :: Usuário admin autenticado
2025-11-18 15:19:05 [INFO] sistema_logger :: Login bem-sucedido para admin
2025-11-18 15:33:32 [DEBUG] sistema_logger :: Logger configurado. Arquivo: C:\Users\User\.vscode\files\sistema_01.2\meu_sistema_pdv\DATA\system.log
2025-11-18 15:33:38 [INFO] sistema_logger :: Inicializando banco de dados...
2025-11-18 15:33:38 [DEBUG] sistema_logger :: Aplicando script de criação de tabelas.
2025-11-18 15:33:38 [DEBUG] sistema_logger :: Dados iniciais aplicados em 2025-11-18T18:33:38.375137
2025-11-18 15:33:38 [INFO] sistema_logger :: Banco de dados pronto.
2025-11-18 15:33:38 [INFO] sistema_logger :: Aplicação iniciada.
2025-11-18 15:33:48 [INFO] sistema_logger :: Usuário admin autenticado
2025-11-18 15:33:48 [INFO] sistema_logger :: Login bem-sucedido para admin
2025-11-18 15:34:01 [INFO] sistema_logger :: Venda VENDA-20251118183401-F42FBBAB registrada com 1 itens.
2025-11-18 15:42:05 [INFO] sistema_logger :: Venda VENDA-20251118184205-6201338E registrada com 1 itens.
2025-11-18 15:51:59 [INFO] sistema_logger :: Venda VENDA-20251118185159-69FDF463 registrada com 1 itens.
2025-11-18 15:52:44 [INFO] sistema_logger :: Caixa CX-20251118185244-2220BE81 aberto por usuário 1
2025-11-18 15:52:58 [INFO] sistema_logger :: Venda VENDA-20251118185258-BBEA14F2 registrada com 1 itens.
2025-11-18 15:53:10 [INFO] sistema_logger :: Caixa 8 fechado.
2025-11-19 22:30:41 [INFO] sistema_logger :: Inicializando banco de dados...
2025-11-19 22:30:41 [DEBUG] sistema_logger :: Aplicando script de criação de tabelas.
2025-11-19 22:30:41 [DEBUG] sistema_logger :: Dados iniciais aplicados em 2025-11-20T01:30:41.345812
2025-11-19 22:30:41 [INFO] sistema_logger :: Banco de dados pronto.
2025-11-19 22:30:41 [INFO] sistema_logger :: Aplicação iniciada.
2025-11-20 07:11:15 [INFO] sistema_logger :: Inicializando banco de dados...
2025-11-20 07:11:15 [DEBUG] sistema_logger :: Aplicando script de criação de tabelas.
2025-11-20 07:11:15 [DEBUG] sistema_logger :: Dados iniciais aplicados em 2025-11-20T10:11:15.558059
2025-11-20 07:11:15 [INFO] sistema_logger :: Banco de dados pronto.
2025-11-20 07:11:15 [INFO] sistema_logger :: Aplicação iniciada.
2025-11-20 09:22:03 [INFO] sistema_logger :: Inicializando banco de dados...
2025-11-20 09:22:03 [DEBUG] sistema_logger :: Aplicando script de criação de tabelas.
2025-11-20 09:22:03 [DEBUG] sistema_logger :: Dados iniciais aplicados em 2025-11-20T12:22:03.099313
2025-11-20 09:22:03 [INFO] sistema_logger :: Banco de dados pronto.
2025-11-20 09:22:03 [INFO] sistema_logger :: Aplicação iniciada.
2025-11-20 10:08:12 [DEBUG] sistema_logger :: Logger configurado. Arquivo: C:\Users\User\.vscode\files\sistema_01.2\meu_sistema_pdv\DATA\system.log
2025-11-20 10:08:23 [INFO] sistema_logger :: Inicializando banco de dados...
2025-11-20 10:08:23 [DEBUG] sistema_logger :: Aplicando script de criação de tabelas.
2025-11-20 10:08:23 [DEBUG] sistema_logger :: Dados iniciais aplicados em 2025-11-20T13:08:23.183075
2025-11-20 10:08:23 [INFO] sistema_logger :: Banco de dados pronto.
2025-11-20 10:08:23 [INFO] sistema_logger :: Aplicação iniciada.
2025-11-20 10:08:40 [INFO] sistema_logger :: Usuário admin autenticado
2025-11-20 10:08:40 [INFO] sistema_logger :: Login bem-sucedido para admin
2025-11-20 10:11:58 [INFO] sistema_logger :: Venda VENDA-20251120131158-37CAE2A8 registrada com 2 itens.
2025-11-20 10:13:10 [INFO] sistema_logger :: Venda VENDA-20251120131310-EB8211BE registrada com 1 itens.
2025-11-20 10:13:19 [INFO] sistema_logger :: Venda VENDA-20251120131319-32C0CA6D registrada com 1 itens.
2025-11-20 10:13:29 [INFO] sistema_logger :: Venda VENDA-20251120131329-7613426D registrada com 1 itens.
2025-11-20 10:15:42 [INFO] sistema_logger :: Venda VENDA-20251120131542-F404491C registrada com 1 itens.
2025-11-20 10:18:19 [INFO] sistema_logger :: Caixa CX-20251120131819-945D2DF0 aberto por usuário 1
2025-11-20 10:18:43 [INFO] sistema_logger :: Caixa 9 fechado.
2025-11-20 10:20:15 [INFO] sistema_logger :: Venda VENDA-20251120132015-049B1439 registrada com 1 itens.
2025-11-20 14:42:18 [INFO] sistema_logger :: Inicializando banco de dados...
2025-11-20 14:42:18 [DEBUG] sistema_logger :: Aplicando script de criação de tabelas.
2025-11-20 14:42:18 [DEBUG] sistema_logger :: Dados iniciais aplicados em 2025-11-20T17:42:18.449951
2025-11-20 14:42:18 [INFO] sistema_logger :: Banco de dados pronto.
2025-11-20 14:42:18 [INFO] sistema_logger :: Aplicação iniciada.
2025-11-20 15:13:47 [DEBUG] sistema_logger :: Logger configurado. Arquivo: C:\Users\User\.vscode\files\sistema_01.2\meu_sistema_pdv\DATA\system.log
2025-11-20 15:13:59 [INFO] sistema_logger :: Inicializando banco de dados...
2025-11-20 15:13:59 [DEBUG] sistema_logger :: Aplicando script de criação de tabelas.
2025-11-20 15:13:59 [DEBUG] sistema_logger :: Dados iniciais aplicados em 2025-11-20T18:13:59.190140
2025-11-20 15:13:59 [INFO] sistema_logger :: Banco de dados pronto.
2025-11-20 15:13:59 [INFO] sistema_logger :: Aplicação iniciada.
2025-11-20 15:14:07 [INFO] sistema_logger :: Usuário admin autenticado
2025-11-20 15:14:07 [INFO] sistema_logger :: Login bem-sucedido para admin
2025-11-20 15:17:08 [INFO] sistema_logger :: Venda VENDA-20251120181708-41F2E38E registrada com 1 itens.
2025-11-20 15:20:22 [INFO] sistema_logger :: Cadastrando produto café
2025-11-20 15:20:45 [INFO] sistema_logger :: Cadastrando produto café
2025-11-20 15:22:19 [INFO] sistema_logger :: Caixa CX-20251120182219-E36659F0 aberto por usuário 1
2025-11-20 15:23:05 [INFO] sistema_logger :: Venda VENDA-20251120182305-22479E66 registrada com 2 itens.
2025-11-20 15:23:32 [INFO] sistema_logger :: Caixa 10 fechado.
2025-11-20 15:27:28 [INFO] sistema_logger :: Usuário admin autenticado
2025-11-20 15:27:28 [INFO] sistema_logger :: Login bem-sucedido para admin
2025-11-20 15:34:20 [INFO] sistema_logger :: Cadastrando produto cafe
2025-11-20 15:34:53 [INFO] sistema_logger :: Cadastrando produto caldo 700
2025-11-20 17:41:52 [INFO] sistema_logger :: Inicializando banco de dados...
2025-11-20 17:41:52 [DEBUG] sistema_logger :: Aplicando script de criação de tabelas.
2025-11-20 17:41:52 [DEBUG] sistema_logger :: Dados iniciais aplicados em 2025-11-20T20:41:52.666077
2025-11-20 17:41:52 [INFO] sistema_logger :: Banco de dados pronto.
2025-11-20 17:41:52 [INFO] sistema_logger :: Aplicação iniciada.
2025-11-21 10:30:48 [DEBUG] sistema_logger :: Logger configurado. Arquivo: C:\Users\User\.vscode\files\sistema_01.2\meu_sistema_pdv\DATA\system.log
2025-11-21 10:30:53 [INFO] sistema_logger :: Inicializando banco de dados...
2025-11-21 10:30:53 [DEBUG] sistema_logger :: Aplicando script de criação de tabelas.
2025-11-21 10:30:53 [DEBUG] sistema_logger :: Dados iniciais aplicados em 2025-11-21T13:30:53.811215
2025-11-21 10:30:53 [INFO] sistema_logger :: Banco de dados pronto.
2025-11-21 10:30:53 [INFO] sistema_logger :: Aplicação iniciada.
2025-11-21 10:31:01 [INFO] sistema_logger :: Usuário admin autenticado
2025-11-21 10:31:01 [INFO] sistema_logger :: Login bem-sucedido para admin
2025-11-21 10:32:28 [INFO] sistema_logger :: Usuário admin autenticado
2025-11-21 10:32:28 [INFO] sistema_logger :: Login bem-sucedido para admin
2025-11-21 10:38:28 [DEBUG] sistema_logger :: Logger configurado. Arquivo: C:\Users\User\.vscode\files\sistema_01.2\meu_sistema_pdv\DATA\system.log
2025-11-21 10:38:35 [INFO] sistema_logger :: Inicializando banco de dados...
2025-11-21 10:38:35 [DEBUG] sistema_logger :: Aplicando script de criação de tabelas.
2025-11-21 10:38:35 [DEBUG] sistema_logger :: Dados iniciais aplicados em 2025-11-21T13:38:35.878415
2025-11-21 10:38:35 [INFO] sistema_logger :: Banco de dados pronto.
2025-11-21 10:38:35 [INFO] sistema_logger :: Aplicação iniciada.
2025-11-21 10:38:42 [INFO] sistema_logger :: Usuário admin autenticado
2025-11-21 10:38:42 [INFO] sistema_logger :: Login bem-sucedido para admin
2025-11-21 10:47:55 [DEBUG] sistema_logger :: Logger configurado. Arquivo: C:\Users\User\.vscode\files\sistema_01.2\meu_sistema_pdv\DATA\system.log
2025-11-21 10:47:59 [INFO] sistema_logger :: Inicializando banco de dados...
2025-11-21 10:47:59 [DEBUG] sistema_logger :: Aplicando script de criação de tabelas.
2025-11-21 10:47:59 [DEBUG] sistema_logger :: Dados iniciais aplicados em 2025-11-21T13:47:59.906211
2025-11-21 10:47:59 [INFO] sistema_logger :: Banco de dados pronto.
2025-11-21 10:47:59 [INFO] sistema_logger :: Aplicação iniciada.
2025-11-21 10:48:08 [INFO] sistema_logger :: Usuário admin autenticado
2025-11-21 10:48:08 [INFO] sistema_logger :: Login bem-sucedido para admin
2025-11-21 10:53:41 [DEBUG] sistema_logger :: Logger configurado. Arquivo: C:\Users\User\.vscode\files\sistema_01.2\meu_sistema_pdv\DATA\system.log
2025-11-21 10:53:45 [INFO] sistema_logger :: Inicializando banco de dados...
2025-11-21 10:53:45 [DEBUG] sistema_logger :: Aplicando script de criação de tabelas.
2025-11-21 10:53:45 [DEBUG] sistema_logger :: Dados iniciais aplicados em 2025-11-21T13:53:45.037492
2025-11-21 10:53:45 [INFO] sistema_logger :: Banco de dados pronto.
2025-11-21 10:53:45 [INFO] sistema_logger :: Aplicação iniciada.
2025-11-21 10:53:56 [INFO] sistema_logger :: Usuário admin autenticado
2025-11-21 10:53:56 [INFO] sistema_logger :: Login bem-sucedido para admin
2025-11-21 10:55:08 [INFO] sistema_logger :: Venda VENDA-20251121135508-90E855FF registrada com 1 itens.
2025-11-21 11:03:24 [DEBUG] sistema_logger :: Logger configurado. Arquivo: C:\Users\User\.vscode\files\sistema_01.2\meu_sistema_pdv\DATA\system.log
2025-11-21 11:03:28 [INFO] sistema_logger :: Inicializando banco de dados...
2025-11-21 11:03:28 [DEBUG] sistema_logger :: Aplicando script de criação de tabelas.
2025-11-21 11:03:28 [DEBUG] sistema_logger :: Dados iniciais aplicados em 2025-11-21T14:03:28.069281
2025-11-21 11:03:28 [INFO] sistema_logger :: Banco de dados pronto.
2025-11-21 11:03:28 [INFO] sistema_logger :: Aplicação iniciada.
2025-11-21 11:03:35 [INFO] sistema_logger :: Usuário admin autenticado
2025-11-21 11:03:35 [INFO] sistema_logger :: Login bem-sucedido para admin
2025-11-21 11:12:52 [DEBUG] sistema_logger :: Logger configurado. Arquivo: C:\Users\User\.vscode\files\sistema_01.2\meu_sistema_pdv\DATA\system.log
2025-11-21 11:19:08 [DEBUG] sistema_logger :: Logger configurado. Arquivo: C:\Users\User\.vscode\files\sistema_01.2\meu_sistema_pdv\DATA\system.log
2025-11-21 11:19:14 [INFO] sistema_logger :: Inicializando banco de dados...
2025-11-21 11:19:14 [DEBUG] sistema_logger :: Aplicando script de criação de tabelas.
2025-11-21 11:19:14 [DEBUG] sistema_logger :: Dados iniciais aplicados em 2025-11-21T14:19:14.488945
2025-11-21 11:19:14 [INFO] sistema_logger :: Banco de dados pronto.
2025-11-21 11:19:14 [INFO] sistema_logger :: Aplicação iniciada.
2025-11-21 11:19:23 [INFO] sistema_logger :: Usuário admin autenticado
2025-11-21 11:19:23 [INFO] sistema_logger :: Login bem-sucedido para admin
2025-11-21 11:33:56 [DEBUG] sistema_logger :: Logger configurado. Arquivo: C:\Users\User\.vscode\files\sistema_01.2\meu_sistema_pdv\DATA\system.log
2025-11-21 11:34:02 [INFO] sistema_logger :: Inicializando banco de dados...
2025-11-21 11:34:02 [DEBUG] sistema_logger :: Aplicando script de criação de tabelas.
2025-11-21 11:34:02 [DEBUG] sistema_logger :: Dados iniciais aplicados em 2025-11-21T14:34:02.951193
2025-11-21 11:34:02 [INFO] sistema_logger :: Banco de dados pronto.
2025-11-21 11:34:02 [INFO] sistema_logger :: Aplicação iniciada.
2025-11-21 11:34:13 [INFO] sistema_logger :: Usuário admin autenticado
2025-11-21 11:34:13 [INFO] sistema_logger :: Login bem-sucedido para admin
2025-11-21 11:41:42 [DEBUG] sistema_logger :: Logger configurado. Arquivo: C:\Users\User\.vscode\files\sistema_01.2\meu_sistema_pdv\DATA\system.log
2025-11-21 11:41:46 [INFO] sistema_logger :: Inicializando banco de dados...
2025-11-21 11:41:46 [DEBUG] sistema_logger :: Aplicando script de criação de tabelas.
2025-11-21 11:41:46 [DEBUG] sistema_logger :: Dados iniciais aplicados em 2025-11-21T14:41:46.539015
2025-11-21 11:41:46 [INFO] sistema_logger :: Banco de dados pronto.
2025-11-21 11:41:46 [INFO] sistema_logger :: Aplicação iniciada.
2025-11-21 11:41:55 [INFO] sistema_logger :: Usuário admin autenticado
2025-11-21 11:41:55 [INFO] sistema_logger :: Login bem-sucedido para admin
2025-11-21 12:45:10 [INFO] sistema_logger :: Inicializando banco de dados...
2025-11-21 12:45:10 [DEBUG] sistema_logger :: Aplicando script de criação de tabelas.
2025-11-21 12:45:10 [DEBUG] sistema_logger :: Dados iniciais aplicados em 2025-11-21T15:45:10.621577
2025-11-21 12:45:10 [INFO] sistema_logger :: Banco de dados pronto.
2025-11-21 12:45:10 [INFO] sistema_logger :: Aplicação iniciada.
2025-11-21 12:53:17 [INFO] sistema_logger :: Venda VENDA-20251121155317-82DA648D registrada com 1 itens.
2025-11-21 12:54:45 [INFO] sistema_logger :: Venda VENDA-20251121155445-31F2A0AE registrada com 2 itens.
2025-11-21 12:55:34 [INFO] sistema_logger :: Venda VENDA-20251121155534-FD42AD0F registrada com 2 itens.
2025-11-21 14:05:28 [DEBUG] sistema_logger :: Logger configurado. Arquivo: C:\Users\User\.vscode\files\sistema_01.2\meu_sistema_pdv\DATA\system.log
2025-11-21 14:05:34 [INFO] sistema_logger :: Inicializando banco de dados...
2025-11-21 14:05:34 [DEBUG] sistema_logger :: Aplicando script de criação de tabelas.
2025-11-21 14:05:34 [DEBUG] sistema_logger :: Dados iniciais aplicados em 2025-11-21T17:05:34.535148
2025-11-21 14:05:34 [INFO] sistema_logger :: Banco de dados pronto.
2025-11-21 14:05:34 [INFO] sistema_logger :: Aplicação iniciada.
2025-11-21 14:06:24 [INFO] sistema_logger :: Usuário admin autenticado
2025-11-21 14:06:24 [INFO] sistema_logger :: Login bem-sucedido para admin
2025-11-21 14:06:50 [INFO] sistema_logger :: Caixa CX-20251121170650-A779B72F aberto por usuário 1
2025-11-21 14:12:50 [INFO] sistema_logger :: Venda VENDA-20251121171250-B8A02BD6 registrada com 2 itens.
2025-11-21 14:13:08 [INFO] sistema_logger :: Caixa 11 fechado.
2025-11-21 14:21:22 [INFO] sistema_logger :: Venda VENDA-20251121172122-759EA992 registrada com 2 itens.
2025-11-21 14:21:38 [INFO] sistema_logger :: Venda VENDA-20251121172138-2F6F7B03 registrada com 1 itens.
2025-11-21 14:27:42 [INFO] sistema_logger :: Cadastrando produto bolo bacia
2025-11-21 19:17:53 [DEBUG] sistema_logger :: Logger configurado. Arquivo: C:\Users\User\.vscode\files\sistema_01.2\meu_sistema_pdv\DATA\system.log
2025-11-21 21:16:06 [DEBUG] sistema_logger :: Logger configurado. Arquivo: C:\Users\User\.vscode\files\sistema_01.2\meu_sistema_pdv\DATA\system.log
2025-11-21 21:44:39 [DEBUG] sistema_logger :: Logger configurado. Arquivo: C:\Users\User\.vscode\files\sistema_01.2\meu_sistema_pdv\DATA\system.log
2025-11-21 21:45:23 [DEBUG] sistema_logger :: Logger configurado. Arquivo: C:\Users\User\.vscode\files\sistema_01.2\meu_sistema_pdv\DATA\system.log
2025-11-21 21:45:34 [INFO] sistema_logger :: Inicializando banco de dados...
2025-11-21 21:45:34 [DEBUG] sistema_logger :: Aplicando script de criação de tabelas.
2025-11-21 21:45:34 [DEBUG] sistema_logger :: Dados iniciais aplicados em 2025-11-22T00:45:34.390812
2025-11-21 21:45:34 [INFO] sistema_logger :: Banco de dados pronto.
2025-11-21 21:45:34 [INFO] sistema_logger :: Aplicação iniciada.
2025-11-21 21:45:42 [INFO] sistema_logger :: Usuário admin autenticado
2025-11-21 21:45:42 [INFO] sistema_logger :: Login bem-sucedido para admin
2025-11-21 21:51:04 [DEBUG] sistema_logger :: Logger configurado. Arquivo: C:\Users\User\.vscode\files\sistema_01.2\meu_sistema_pdv\DATA\system.log
2025-11-21 21:51:08 [INFO] sistema_logger :: Inicializando banco de dados...
2025-11-21 21:51:08 [DEBUG] sistema_logger :: Aplicando script de criação de tabelas.
2025-11-21 21:51:08 [DEBUG] sistema_logger :: Dados iniciais aplicados em 2025-11-22T00:51:08.378609
2025-11-21 21:51:08 [INFO] sistema_logger :: Banco de dados pronto.
2025-11-21 21:51:08 [INFO] sistema_logger :: Aplicação iniciada.
2025-11-21 21:51:15 [INFO] sistema_logger :: Usuário admin autenticado
2025-11-21 21:51:15 [INFO] sistema_logger :: Login bem-sucedido para admin
2025-11-22 19:17:49 [INFO] sistema_logger :: Inicializando banco de dados...
2025-11-22 19:17:49 [DEBUG] sistema_logger :: Aplicando script de criação de tabelas.
2025-11-22 19:17:49 [DEBUG] sistema_logger :: Dados iniciais aplicados em 2025-11-22T22:17:49.443379
2025-11-22 19:17:49 [INFO] sistema_logger :: Banco de dados pronto.
2025-11-22 19:17:49 [INFO] sistema_logger :: Aplicação iniciada.
2025-11-22 20:03:38 [DEBUG] sistema_logger :: Logger configurado. Arquivo: C:\Users\User\.vscode\files\sistema_01.2\meu_sistema_pdv\DATA\system.log
2025-11-22 20:28:27 [DEBUG] sistema_logger :: Logger configurado. Arquivo: C:\Users\User\.vscode\files\sistema_01.2\meu_sistema_pdv\DATA\system.log
2025-11-22 20:29:01 [DEBUG] sistema_logger :: Logger configurado. Arquivo: C:\Users\User\.vscode\files\sistema_01.2\meu_sistema_pdv\DATA\system.log
2025-11-22 20:29:05 [INFO] sistema_logger :: Inicializando banco de dados...
2025-11-22 20:29:05 [DEBUG] sistema_logger :: Aplicando script de criação de tabelas.
2025-11-22 20:29:05 [DEBUG] sistema_logger :: Dados iniciais aplicados em 2025-11-22T23:29:05.637044
2025-11-22 20:29:05 [INFO] sistema_logger :: Banco de dados pronto.
2025-11-22 20:29:05 [INFO] sistema_logger :: Aplicação iniciada.
2025-11-22 20:29:14 [INFO] sistema_logger :: Usuário admin autenticado
2025-11-22 20:29:14 [INFO] sistema_logger :: Login bem-sucedido para admin
2025-11-22 21:58:22 [DEBUG] sistema_logger :: Logger configurado. Arquivo: C:\Users\User\.vscode\files\sistema_01.2\meu_sistema_pdv\DATA\system.log
2025-11-22 21:58:31 [INFO] sistema_logger :: Inicializando banco de dados...
2025-11-22 21:58:31 [DEBUG] sistema_logger :: Aplicando script de criação de tabelas.
2025-11-22 21:58:31 [DEBUG] sistema_logger :: Dados iniciais aplicados em 2025-11-23T00:58:31.940483
2025-11-22 21:58:31 [INFO] sistema_logger :: Banco de dados pronto.
2025-11-22 21:58:31 [INFO] sistema_logger :: Aplicação iniciada.
2025-11-22 21:58:41 [INFO] sistema_logger :: Usuário admin autenticado
2025-11-22 21:58:41 [INFO] sistema_logger :: Login bem-sucedido para admin
2025-11-22 22:27:03 [DEBUG] sistema_logger :: Logger configurado. Arquivo: C:\Users\User\.vscode\files\sistema_01.2\meu_sistema_pdv\DATA\system.log
2025-11-22 22:27:07 [INFO] sistema_logger :: Inicializando banco de dados...
2025-11-22 22:27:07 [DEBUG] sistema_logger :: Aplicando script de criação de tabelas.
2025-11-22 22:27:07 [DEBUG] sistema_logger :: Dados iniciais aplicados em 2025-11-23T01:27:07.625375
2025-11-22 22:27:07 [INFO] sistema_logger :: Banco de dados pronto.
2025-11-22 22:27:07 [INFO] sistema_logger :: Aplicação iniciada.
2025-11-22 22:27:15 [INFO] sistema_logger :: Usuário admin autenticado
2025-11-22 22:27:15 [INFO] sistema_logger :: Login bem-sucedido para admin
2025-11-22 22:37:01 [DEBUG] sistema_logger :: Logger configurado. Arquivo: C:\Users\User\.vscode\files\sistema_01.2\meu_sistema_pdv\DATA\system.log
2025-11-22 22:37:05 [INFO] sistema_logger :: Inicializando banco de dados...
2025-11-22 22:37:05 [DEBUG] sistema_logger :: Aplicando script de criação de tabelas.
2025-11-22 22:37:05 [DEBUG] sistema_logger :: Dados iniciais aplicados em 2025-11-23T01:37:05.059706
2025-11-22 22:37:05 [INFO] sistema_logger :: Banco de dados pronto.
2025-11-22 22:37:05 [INFO] sistema_logger :: Aplicação iniciada.
2025-11-22 22:37:12 [INFO] sistema_logger :: Usuário admin autenticado
2025-11-22 22:37:12 [INFO] sistema_logger :: Login bem-sucedido para admin
2025-11-23 17:51:27 [DEBUG] sistema_logger :: Logger configurado. Arquivo: C:\Users\User\.vscode\files\sistema_01.2\meu_sistema_pdv\DATA\system.log
2025-11-23 17:51:31 [INFO] sistema_logger :: Inicializando banco de dados...
2025-11-23 17:51:31 [DEBUG] sistema_logger :: Aplicando script de criação de tabelas.
2025-11-23 17:51:31 [DEBUG] sistema_logger :: Dados iniciais aplicados em 2025-11-23T20:51:31.613118
2025-11-23 17:51:31 [INFO] sistema_logger :: Banco de dados pronto.
2025-11-23 17:51:31 [INFO] sistema_logger :: Aplicação iniciada.
2025-11-23 17:51:39 [INFO] sistema_logger :: Usuário admin autenticado
2025-11-23 17:51:39 [INFO] sistema_logger :: Login bem-sucedido para admin
2025-11-23 17:55:42 [DEBUG] sistema_logger :: Logger configurado. Arquivo: C:\Users\User\.vscode\files\sistema_01.2\meu_sistema_pdv\DATA\system.log
2025-11-23 17:55:52 [INFO] sistema_logger :: Inicializando banco de dados...
2025-11-23 17:55:52 [DEBUG] sistema_logger :: Aplicando script de criação de tabelas.
2025-11-23 17:55:52 [DEBUG] sistema_logger :: Dados iniciais aplicados em 2025-11-23T20:55:52.378142
2025-11-23 17:55:52 [INFO] sistema_logger :: Banco de dados pronto.
2025-11-23 17:55:52 [INFO] sistema_logger :: Aplicação iniciada.
2025-11-23 17:55:59 [INFO] sistema_logger :: Usuário admin autenticado
2025-11-23 17:55:59 [INFO] sistema_logger :: Login bem-sucedido para admin
2025-11-23 18:56:50 [DEBUG] sistema_logger :: Logger configurado. Arquivo: C:\Users\User\.vscode\files\sistema_01.2\meu_sistema_pdv\DATA\system.log
2025-11-23 18:56:54 [INFO] sistema_logger :: Inicializando banco de dados...
2025-11-23 18:56:54 [DEBUG] sistema_logger :: Aplicando script de criação de tabelas.
2025-11-23 18:56:54 [DEBUG] sistema_logger :: Dados iniciais aplicados em 2025-11-23T21:56:54.870944
2025-11-23 18:56:54 [INFO] sistema_logger :: Banco de dados pronto.
2025-11-23 18:56:54 [INFO] sistema_logger :: Aplicação iniciada.
2025-11-23 18:57:09 [INFO] sistema_logger :: Usuário admin autenticado
2025-11-23 18:57:09 [INFO] sistema_logger :: Login bem-sucedido para admin
2025-11-23 19:32:35 [DEBUG] sistema_logger :: Logger configurado. Arquivo: C:\Users\User\.vscode\files\sistema_01.2\meu_sistema_pdv\DATA\system.log
2025-11-23 19:32:39 [INFO] sistema_logger :: Inicializando banco de dados...
2025-11-23 19:32:39 [DEBUG] sistema_logger :: Aplicando script de criação de tabelas.
2025-11-23 19:32:39 [DEBUG] sistema_logger :: Dados iniciais aplicados em 2025-11-23T22:32:39.245212
2025-11-23 19:32:39 [INFO] sistema_logger :: Banco de dados pronto.
2025-11-23 19:32:39 [INFO] sistema_logger :: Aplicação iniciada.
2025-11-23 19:32:46 [INFO] sistema_logger :: Usuário admin autenticado
2025-11-23 19:32:46 [INFO] sistema_logger :: Login bem-sucedido para admin
2025-11-23 19:47:33 [DEBUG] sistema_logger :: Logger configurado. Arquivo: C:\Users\User\.vscode\files\sistema_01.2\meu_sistema_pdv\DATA\system.log
2025-11-23 19:47:37 [INFO] sistema_logger :: Inicializando banco de dados...
2025-11-23 19:47:37 [DEBUG] sistema_logger :: Aplicando script de criação de tabelas.
2025-11-23 19:47:37 [DEBUG] sistema_logger :: Dados iniciais aplicados em 2025-11-23T22:47:37.076932
2025-11-23 19:47:37 [INFO] sistema_logger :: Banco de dados pronto.
2025-11-23 19:47:37 [INFO] sistema_logger :: Aplicação iniciada.
2025-11-23 19:47:46 [INFO] sistema_logger :: Usuário admin autenticado
2025-11-23 19:47:46 [INFO] sistema_logger :: Login bem-sucedido para admin
2025-11-23 19:48:19 [INFO] sistema_logger :: Usuário admin autenticado
2025-11-23 19:48:19 [INFO] sistema_logger :: Login bem-sucedido para admin
2025-11-23 19:55:49 [DEBUG] sistema_logger :: Logger configurado. Arquivo: C:\Users\User\.vscode\files\sistema_01.2\meu_sistema_pdv\DATA\system.log
2025-11-23 19:55:53 [INFO] sistema_logger :: Inicializando banco de dados...
2025-11-23 19:55:53 [DEBUG] sistema_logger :: Aplicando script de criação de tabelas.
2025-11-23 19:55:53 [INFO] sistema_logger :: Adicionando coluna descricao à tabela caixa_movimentos
2025-11-23 19:55:53 [DEBUG] sistema_logger :: Dados iniciais aplicados em 2025-11-23T22:55:53.409797
2025-11-23 19:55:53 [INFO] sistema_logger :: Banco de dados pronto.
2025-11-23 19:55:53 [INFO] sistema_logger :: Aplicação iniciada.
2025-11-23 19:56:02 [INFO] sistema_logger :: Usuário admin autenticado
2025-11-23 19:56:02 [INFO] sistema_logger :: Login bem-sucedido para admin
2025-11-23 20:16:06 [DEBUG] sistema_logger :: Logger configurado. Arquivo: C:\Users\User\.vscode\files\sistema_01.2\meu_sistema_pdv\DATA\system.log
2025-11-23 20:16:09 [INFO] sistema_logger :: Inicializando banco de dados...
2025-11-23 20:16:09 [DEBUG] sistema_logger :: Aplicando script de criação de tabelas.
2025-11-23 20:16:09 [DEBUG] sistema_logger :: Dados iniciais aplicados em 2025-11-23T23:16:09.546564
2025-11-23 20:16:09 [INFO] sistema_logger :: Banco de dados pronto.
2025-11-23 20:16:09 [INFO] sistema_logger :: Aplicação iniciada.
2025-11-23 20:16:17 [WARNING] sistema_logger :: Falha de login para adm
2025-11-23 20:16:24 [WARNING] sistema_logger :: Falha de login para adm
2025-11-23 20:16:35 [INFO] sistema_logger :: Usuário admin autenticado
2025-11-23 20:16:35 [INFO] sistema_logger :: Login bem-sucedido para admin
2025-11-23 20:27:10 [DEBUG] sistema_logger :: Logger configurado. Arquivo: C:\Users\User\.vscode\files\sistema_01.2\meu_sistema_pdv\DATA\system.log
2025-11-23 20:43:17 [DEBUG] sistema_logger :: Logger configurado. Arquivo: C:\Users\User\.vscode\files\sistema_01.2\meu_sistema_pdv\DATA\system.log
2025-11-23 20:43:22 [INFO] sistema_logger :: Inicializando banco de dados...
2025-11-23 20:43:22 [DEBUG] sistema_logger :: Aplicando script de criação de tabelas.
2025-11-23 20:43:22 [DEBUG] sistema_logger :: Dados iniciais aplicados em 2025-11-23T23:43:22.723823
2025-11-23 20:43:22 [INFO] sistema_logger :: Banco de dados pronto.
2025-11-23 20:43:22 [INFO] sistema_logger :: Aplicação iniciada.
2025-11-23 20:43:30 [INFO] sistema_logger :: Usuário admin autenticado
2025-11-23 20:43:30 [INFO] sistema_logger :: Login bem-sucedido para admin
2025-11-23 21:18:40 [DEBUG] sistema_logger :: Logger configurado. Arquivo: C:\Users\User\.vscode\files\sistema_01.2\meu_sistema_pdv\DATA\system.log
2025-11-24 13:24:46 [INFO] sistema_logger :: Inicializando banco de dados...
2025-11-24 13:24:46 [DEBUG] sistema_logger :: Aplicando script de criação de tabelas.
2025-11-24 13:24:46 [DEBUG] sistema_logger :: Dados iniciais aplicados em 2025-11-24T16:24:46.268077
2025-11-24 13:24:46 [INFO] sistema_logger :: Banco de dados pronto.
2025-11-24 13:24:46 [INFO] sistema_logger :: Aplicação iniciada.
2025-11-24 19:09:06 [INFO] sistema_logger :: Inicializando banco de dados...
2025-11-24 19:09:06 [DEBUG] sistema_logger :: Aplicando script de criação de tabelas.
2025-11-24 19:09:06 [DEBUG] sistema_logger :: Dados iniciais aplicados em 2025-11-24T22:09:06.355748
2025-11-24 19:09:06 [INFO] sistema_logger :: Banco de dados pronto.
2025-11-24 19:09:06 [INFO] sistema_logger :: Aplicação iniciada.
2025-11-24 20:43:14 [DEBUG] sistema_logger :: Logger configurado. Arquivo: C:\Users\User\.vscode\files\sistema_01.2\meu_sistema_pdv\DATA\system.log
2025-11-25 21:42:50 [INFO] sistema_logger :: Inicializando banco de dados...
2025-11-25 21:42:50 [DEBUG] sistema_logger :: Aplicando script de criação de tabelas.
2025-11-25 21:42:50 [DEBUG] sistema_logger :: Dados iniciais aplicados em 2025-11-26T00:42:50.522872
2025-11-25 21:42:50 [INFO] sistema_logger :: Banco de dados pronto.
2025-11-25 21:42:50 [INFO] sistema_logger :: Aplicação iniciada.
2025-11-26 07:33:49 [INFO] sistema_logger :: Inicializando banco de dados...
2025-11-26 07:33:49 [DEBUG] sistema_logger :: Aplicando script de criação de tabelas.
2025-11-26 07:33:49 [DEBUG] sistema_logger :: Dados iniciais aplicados em 2025-11-26T10:33:49.467489
2025-11-26 07:33:49 [INFO] sistema_logger :: Banco de dados pronto.
2025-11-26 07:33:49 [INFO] sistema_logger :: Aplicação iniciada.
2025-11-27 11:13:45 [INFO] sistema_logger :: Inicializando banco de dados...
2025-11-27 11:13:45 [DEBUG] sistema_logger :: Aplicando script de criação de tabelas.
2025-11-27 11:13:46 [DEBUG] sistema_logger :: Dados iniciais aplicados em 2025-11-27T14:13:46.037840
2025-11-27 11:13:46 [INFO] sistema_logger :: Banco de dados pronto.
2025-11-27 11:13:46 [INFO] sistema_logger :: Aplicação iniciada.
2025-11-28 07:53:58 [INFO] sistema_logger :: Inicializando banco de dados...
2025-11-28 07:53:58 [DEBUG] sistema_logger :: Aplicando script de criação de tabelas.
2025-11-28 07:53:58 [DEBUG] sistema_logger :: Dados iniciais aplicados em 2025-11-28T10:53:58.274730
2025-11-28 07:53:58 [INFO] sistema_logger :: Banco de dados pronto.
2025-11-28 07:53:58 [INFO] sistema_logger :: Aplicação iniciada.
2025-11-29 08:13:42 [INFO] sistema_logger :: Inicializando banco de dados...
2025-11-29 08:13:42 [DEBUG] sistema_logger :: Aplicando script de criação de tabelas.
2025-11-29 08:13:43 [DEBUG] sistema_logger :: Dados iniciais aplicados em 2025-11-29T11:13:43.000223
2025-11-29 08:13:43 [INFO] sistema_logger :: Banco de dados pronto.
2025-11-29 08:13:43 [INFO] sistema_logger :: Aplicação iniciada.
2025-11-29 20:31:13 [INFO] sistema_logger :: Inicializando banco de dados...
2025-11-29 20:31:13 [DEBUG] sistema_logger :: Aplicando script de criação de tabelas.
2025-11-29 20:31:13 [DEBUG] sistema_logger :: Dados iniciais aplicados em 2025-11-29T23:31:13.294466
2025-11-29 20:31:13 [INFO] sistema_logger :: Banco de dados pronto.
2025-11-29 20:31:13 [INFO] sistema_logger :: Aplicação iniciada.
2025-11-29 20:31:33 [INFO] sistema_logger :: Venda VENDA-20251129233133-72BA2214 registrada com 1 itens.
2025-11-29 20:32:54 [INFO] sistema_logger :: Caixa CX-20251129233254-6EC829BA aberto por usuário 1
2025-11-29 20:34:01 [INFO] sistema_logger :: Venda VENDA-20251129233401-1F219298 registrada com 3 itens.
2025-11-29 20:34:38 [INFO] sistema_logger :: Venda VENDA-20251129233438-33FBC39E registrada com 1 itens.
2025-11-29 20:34:59 [INFO] sistema_logger :: Venda VENDA-20251129233459-CD721747 registrada com 1 itens.
2025-11-29 20:39:05 [INFO] sistema_logger :: Caixa 12 fechado.
2025-11-30 16:35:43 [INFO] sistema_logger :: Inicializando banco de dados...
2025-11-30 16:35:43 [DEBUG] sistema_logger :: Aplicando script de criação de tabelas.
2025-11-30 16:35:43 [DEBUG] sistema_logger :: Dados iniciais aplicados em 2025-11-30T19:35:43.608818
2025-11-30 16:35:43 [INFO] sistema_logger :: Banco de dados pronto.
2025-11-30 16:35:43 [INFO] sistema_logger :: Aplicação iniciada.
2025-12-01 08:24:36 [INFO] sistema_logger :: Inicializando banco de dados...
2025-12-01 08:24:36 [DEBUG] sistema_logger :: Aplicando script de criação de tabelas.
2025-12-01 08:24:36 [DEBUG] sistema_logger :: Dados iniciais aplicados em 2025-12-01T11:24:36.560514
2025-12-01 08:24:36 [INFO] sistema_logger :: Banco de dados pronto.
2025-12-01 08:24:36 [INFO] sistema_logger :: Aplicação iniciada.
2025-12-01 17:38:21 [INFO] sistema_logger :: Inicializando banco de dados...
2025-12-01 17:38:21 [DEBUG] sistema_logger :: Aplicando script de criação de tabelas.
2025-12-01 17:38:21 [DEBUG] sistema_logger :: Dados iniciais aplicados em 2025-12-01T20:38:21.221806
2025-12-01 17:38:21 [INFO] sistema_logger :: Banco de dados pronto.
2025-12-01 17:38:21 [INFO] sistema_logger :: Aplicação iniciada.
